app/build/intermediates/manifest_merge_blame_file/debug/processDebugMainManifest/manifest-merger-blame-debug-report.txt
1<?xml version="1.0" encoding="utf-8"?>
2<manifest xmlns:android="http://schemas.android.com/apk/res/android"
3    package="com.example.carmatch1"
4    android:versionCode="1"
5    android:versionName="1.0" >
6
7    <uses-sdk
8        android:minSdkVersion="24"
9        android:targetSdkVersion="34" />
10
11    <uses-feature
11-->src\main\AndroidManifest.xml:5:5-7:36
12        android:name="android.hardware.camera"
12-->src\main\AndroidManifest.xml:6:9-47
13        android:required="false" />
13-->src\main\AndroidManifest.xml:7:9-33
14
15    <uses-permission android:name="android.permission.INTERNET" />
15-->src\main\AndroidManifest.xml:9:5-67
15-->src\main\AndroidManifest.xml:9:22-64
16    <uses-permission android:name="android.permission.CAMERA" />
16-->src\main\AndroidManifest.xml:10:5-65
16-->src\main\AndroidManifest.xml:10:22-62
17    <uses-permission android:name="android.permission.READ_MEDIA_IMAGES" />
17-->src\main\AndroidManifest.xml:11:5-13:46
17-->src\main\AndroidManifest.xml:12:9-60
18    <uses-permission
18-->src\main\AndroidManifest.xml:14:5-16:38
19        android:name="android.permission.READ_EXTERNAL_STORAGE"
19-->src\main\AndroidManifest.xml:15:9-64
20        android:maxSdkVersion="34" />
20-->src\main\AndroidManifest.xml:16:9-35
21
22    <!-- Although the *SdkVersion is captured in gradle build files, this is required for non gradle builds -->
23    <!-- <uses-sdk android:minSdkVersion="21"/> -->
24    <uses-permission android:name="android.permission.ACCESS_NETWORK_STATE" />
24-->[com.google.firebase:firebase-storage:21.0.1] AndroidManifest.xml:23:5-79
24-->[com.google.firebase:firebase-storage:21.0.1] AndroidManifest.xml:23:22-76
25    <uses-permission android:name="android.permission.WAKE_LOCK" />
25-->[com.google.android.gms:play-services-measurement-api:22.1.2] AndroidManifest.xml:24:5-68
25-->[com.google.android.gms:play-services-measurement-api:22.1.2] AndroidManifest.xml:24:22-65
26    <uses-permission android:name="com.google.android.gms.permission.AD_ID" />
26-->[com.google.android.gms:play-services-measurement-api:22.1.2] AndroidManifest.xml:25:5-79
26-->[com.google.android.gms:play-services-measurement-api:22.1.2] AndroidManifest.xml:25:22-76
27    <uses-permission android:name="android.permission.ACCESS_ADSERVICES_ATTRIBUTION" />
27-->[com.google.android.gms:play-services-measurement-api:22.1.2] AndroidManifest.xml:26:5-88
27-->[com.google.android.gms:play-services-measurement-api:22.1.2] AndroidManifest.xml:26:22-85
28    <uses-permission android:name="android.permission.ACCESS_ADSERVICES_AD_ID" /> <!-- Used by DeviceState -->
28-->[com.google.android.gms:play-services-measurement-api:22.1.2] AndroidManifest.xml:27:5-82
28-->[com.google.android.gms:play-services-measurement-api:22.1.2] AndroidManifest.xml:27:22-79
29    <uses-permission android:name="android.permission.ACCESS_WIFI_STATE" />
29-->[com.google.android.libraries.mapsplatform.transportation:transportation-consumer:2.3.0] AndroidManifest.xml:13:5-76
29-->[com.google.android.libraries.mapsplatform.transportation:transportation-consumer:2.3.0] AndroidManifest.xml:13:22-73
30    <uses-permission android:name="com.google.android.providers.gsf.permission.READ_GSERVICES" />
30-->[com.google.android.libraries.mapsplatform.transportation:transportation-consumer:2.3.0] AndroidManifest.xml:14:5-98
30-->[com.google.android.libraries.mapsplatform.transportation:transportation-consumer:2.3.0] AndroidManifest.xml:14:22-95
31    <uses-permission android:name="com.google.android.finsky.permission.BIND_GET_INSTALL_REFERRER_SERVICE" />
31-->[com.google.android.gms:play-services-measurement:22.1.2] AndroidManifest.xml:26:5-110
31-->[com.google.android.gms:play-services-measurement:22.1.2] AndroidManifest.xml:26:22-107
32
33    <uses-feature
33-->[com.google.android.gms:play-services-maps:18.1.0] AndroidManifest.xml:26:5-28:35
34        android:glEsVersion="0x00020000"
34-->[com.google.android.gms:play-services-maps:18.1.0] AndroidManifest.xml:27:9-41
35        android:required="true" />
35-->[com.google.android.gms:play-services-maps:18.1.0] AndroidManifest.xml:28:9-32
36
37    <queries>
37-->[com.google.android.gms:play-services-maps:18.1.0] AndroidManifest.xml:30:5-34:15
38
39        <!-- Needs to be explicitly declared on Android R+ -->
40        <package android:name="com.google.android.apps.maps" />
40-->[com.google.android.gms:play-services-maps:18.1.0] AndroidManifest.xml:33:9-64
40-->[com.google.android.gms:play-services-maps:18.1.0] AndroidManifest.xml:33:18-61
41    </queries>
42
43    <permission
43-->[androidx.core:core:1.13.1] AndroidManifest.xml:22:5-24:47
44        android:name="com.example.carmatch1.DYNAMIC_RECEIVER_NOT_EXPORTED_PERMISSION"
44-->[androidx.core:core:1.13.1] AndroidManifest.xml:23:9-81
45        android:protectionLevel="signature" />
45-->[androidx.core:core:1.13.1] AndroidManifest.xml:24:9-44
46
47    <uses-permission android:name="com.example.carmatch1.DYNAMIC_RECEIVER_NOT_EXPORTED_PERMISSION" />
47-->[androidx.core:core:1.13.1] AndroidManifest.xml:26:5-97
47-->[androidx.core:core:1.13.1] AndroidManifest.xml:26:22-94
48
49    <application
49-->src\main\AndroidManifest.xml:18:5-99:19
50        android:allowBackup="true"
50-->src\main\AndroidManifest.xml:19:9-35
51        android:appComponentFactory="androidx.core.app.CoreComponentFactory"
51-->[androidx.core:core:1.13.1] AndroidManifest.xml:28:18-86
52        android:dataExtractionRules="@xml/data_extraction_rules"
52-->src\main\AndroidManifest.xml:20:9-65
53        android:debuggable="true"
54        android:extractNativeLibs="false"
55        android:fullBackupContent="@xml/backup_rules"
55-->src\main\AndroidManifest.xml:21:9-54
56        android:icon="@mipmap/ic_icon_app"
56-->src\main\AndroidManifest.xml:22:9-43
57        android:label="@string/app_name"
57-->src\main\AndroidManifest.xml:23:9-41
58        android:roundIcon="@mipmap/ic_icon_app_round"
58-->src\main\AndroidManifest.xml:24:9-54
59        android:supportsRtl="true"
59-->src\main\AndroidManifest.xml:25:9-35
60        android:testOnly="true"
61        android:theme="@style/Theme.CarMatch" >
61-->src\main\AndroidManifest.xml:26:9-46
62        <activity
62-->src\main\AndroidManifest.xml:29:9-33:64
63            android:name="com.example.carmatch.view.activitys.MessageActivity"
63-->src\main\AndroidManifest.xml:30:13-79
64            android:exported="false"
64-->src\main\AndroidManifest.xml:31:13-37
65            android:parentActivityName="com.example.carmatch.view.activitys.ChatActivity"
65-->src\main\AndroidManifest.xml:32:13-90
66            android:theme="@style/Theme.CarMatch.NoActionBar" />
66-->src\main\AndroidManifest.xml:33:13-62
67        <activity
67-->src\main\AndroidManifest.xml:34:9-38:65
68            android:name="com.example.carmatch.view.activitys.ChatActivity"
68-->src\main\AndroidManifest.xml:35:13-76
69            android:exported="false"
69-->src\main\AndroidManifest.xml:36:13-37
70            android:parentActivityName="com.example.carmatch.view.activitys.MainActivity"
70-->src\main\AndroidManifest.xml:37:13-90
71            android:theme="@style/Theme.CarMatch.NoActionBar" />
71-->src\main\AndroidManifest.xml:38:13-62
72        <activity
72-->src\main\AndroidManifest.xml:39:9-43:65
73            android:name="com.example.carmatch.view.activitys.FavVehicleActivity"
73-->src\main\AndroidManifest.xml:40:13-82
74            android:exported="false"
74-->src\main\AndroidManifest.xml:41:13-37
75            android:parentActivityName="com.example.carmatch.view.activitys.MainActivity"
75-->src\main\AndroidManifest.xml:42:13-90
76            android:theme="@style/Theme.CarMatch.NoActionBar" />
76-->src\main\AndroidManifest.xml:43:13-62
77        <activity
77-->src\main\AndroidManifest.xml:44:9-48:65
78            android:name="com.example.carmatch.view.activitys.DetailsVehicleActivity"
78-->src\main\AndroidManifest.xml:45:13-86
79            android:exported="false"
79-->src\main\AndroidManifest.xml:46:13-37
80            android:parentActivityName="com.example.carmatch.view.activitys.VehicleActivity"
80-->src\main\AndroidManifest.xml:47:13-93
81            android:theme="@style/Theme.CarMatch.NoActionBar" />
81-->src\main\AndroidManifest.xml:48:13-62
82        <activity
82-->src\main\AndroidManifest.xml:49:9-53:65
83            android:name="com.example.carmatch.view.activitys.PhotosVehicleActivity"
83-->src\main\AndroidManifest.xml:50:13-85
84            android:exported="false"
84-->src\main\AndroidManifest.xml:51:13-37
85            android:parentActivityName="com.example.carmatch.view.activitys.EditVehicleActivity"
85-->src\main\AndroidManifest.xml:52:13-97
86            android:theme="@style/Theme.CarMatch.NoActionBar" />
86-->src\main\AndroidManifest.xml:53:13-62
87        <activity
87-->src\main\AndroidManifest.xml:54:9-58:65
88            android:name="com.example.carmatch.view.activitys.EditVehicleActivity"
88-->src\main\AndroidManifest.xml:55:13-83
89            android:exported="false"
89-->src\main\AndroidManifest.xml:56:13-37
90            android:parentActivityName="com.example.carmatch.view.activitys.VehicleActivity"
90-->src\main\AndroidManifest.xml:57:13-93
91            android:theme="@style/Theme.CarMatch.NoActionBar" />
91-->src\main\AndroidManifest.xml:58:13-62
92        <activity
92-->src\main\AndroidManifest.xml:59:9-63:65
93            android:name="com.example.carmatch.view.activitys.EditProfileActivity"
93-->src\main\AndroidManifest.xml:60:13-83
94            android:exported="false"
94-->src\main\AndroidManifest.xml:61:13-37
95            android:parentActivityName="com.example.carmatch.view.activitys.ProfileActivity"
95-->src\main\AndroidManifest.xml:62:13-93
96            android:theme="@style/Theme.CarMatch.NoActionBar" />
96-->src\main\AndroidManifest.xml:63:13-62
97        <activity
97-->src\main\AndroidManifest.xml:64:9-68:65
98            android:name="com.example.carmatch.view.activitys.ChangePasswordActivity"
98-->src\main\AndroidManifest.xml:65:13-86
99            android:exported="false"
99-->src\main\AndroidManifest.xml:66:13-37
100            android:parentActivityName="com.example.carmatch.view.activitys.ProfileActivity"
100-->src\main\AndroidManifest.xml:67:13-93
101            android:theme="@style/Theme.CarMatch.NoActionBar" />
101-->src\main\AndroidManifest.xml:68:13-62
102        <activity
102-->src\main\AndroidManifest.xml:69:9-73:65
103            android:name="com.example.carmatch.view.activitys.VehicleActivity"
103-->src\main\AndroidManifest.xml:70:13-79
104            android:exported="false"
104-->src\main\AndroidManifest.xml:71:13-37
105            android:parentActivityName="com.example.carmatch.view.activitys.MainActivity"
105-->src\main\AndroidManifest.xml:72:13-90
106            android:theme="@style/Theme.CarMatch.NoActionBar" />
106-->src\main\AndroidManifest.xml:73:13-62
107        <activity
107-->src\main\AndroidManifest.xml:74:9-78:65
108            android:name="com.example.carmatch.view.activitys.RegisterActivity"
108-->src\main\AndroidManifest.xml:75:13-80
109            android:exported="false"
109-->src\main\AndroidManifest.xml:76:13-37
110            android:parentActivityName="com.example.carmatch.view.activitys.LoginActivity"
110-->src\main\AndroidManifest.xml:77:13-91
111            android:theme="@style/Theme.CarMatch.NoActionBar" />
111-->src\main\AndroidManifest.xml:78:13-62
112        <activity
112-->src\main\AndroidManifest.xml:79:9-83:65
113            android:name="com.example.carmatch.view.activitys.ProfileActivity"
113-->src\main\AndroidManifest.xml:80:13-79
114            android:exported="false"
114-->src\main\AndroidManifest.xml:81:13-37
115            android:parentActivityName="com.example.carmatch.view.activitys.MainActivity"
115-->src\main\AndroidManifest.xml:82:13-90
116            android:theme="@style/Theme.CarMatch.NoActionBar" />
116-->src\main\AndroidManifest.xml:83:13-62
117        <activity
117-->src\main\AndroidManifest.xml:84:9-94:20
118            android:name="com.example.carmatch.view.activitys.LoginActivity"
118-->src\main\AndroidManifest.xml:85:13-77
119            android:exported="true"
119-->src\main\AndroidManifest.xml:86:13-36
120            android:label="@string/app_name"
120-->src\main\AndroidManifest.xml:87:13-45
121            android:theme="@style/Theme.CarMatch.NoActionBar" >
121-->src\main\AndroidManifest.xml:88:13-62
122            <intent-filter>
122-->src\main\AndroidManifest.xml:89:13-93:29
123                <action android:name="android.intent.action.MAIN" />
123-->src\main\AndroidManifest.xml:90:17-69
123-->src\main\AndroidManifest.xml:90:25-66
124
125                <category android:name="android.intent.category.LAUNCHER" />
125-->src\main\AndroidManifest.xml:92:17-77
125-->src\main\AndroidManifest.xml:92:27-74
126            </intent-filter>
127        </activity>
128        <activity
128-->src\main\AndroidManifest.xml:95:9-98:65
129            android:name="com.example.carmatch.view.activitys.MainActivity"
129-->src\main\AndroidManifest.xml:96:13-76
130            android:exported="false"
130-->src\main\AndroidManifest.xml:97:13-37
131            android:theme="@style/Theme.CarMatch.NoActionBar" />
131-->src\main\AndroidManifest.xml:98:13-62
132
133        <service
133-->[com.google.firebase:firebase-storage-ktx:21.0.1] AndroidManifest.xml:9:9-15:19
134            android:name="com.google.firebase.components.ComponentDiscoveryService"
134-->[com.google.firebase:firebase-storage-ktx:21.0.1] AndroidManifest.xml:10:13-84
135            android:directBootAware="true"
135-->[com.google.firebase:firebase-common:21.0.0] AndroidManifest.xml:32:13-43
136            android:exported="false" >
136-->[com.google.firebase:firebase-storage-ktx:21.0.1] AndroidManifest.xml:11:13-37
137            <meta-data
137-->[com.google.firebase:firebase-storage-ktx:21.0.1] AndroidManifest.xml:12:13-14:85
138                android:name="com.google.firebase.components:com.google.firebase.storage.ktx.FirebaseStorageLegacyRegistrar"
138-->[com.google.firebase:firebase-storage-ktx:21.0.1] AndroidManifest.xml:13:17-125
139                android:value="com.google.firebase.components.ComponentRegistrar" />
139-->[com.google.firebase:firebase-storage-ktx:21.0.1] AndroidManifest.xml:14:17-82
140            <meta-data
140-->[com.google.firebase:firebase-firestore-ktx:25.1.0] AndroidManifest.xml:12:13-14:85
141                android:name="com.google.firebase.components:com.google.firebase.firestore.ktx.FirebaseFirestoreLegacyRegistrar"
141-->[com.google.firebase:firebase-firestore-ktx:25.1.0] AndroidManifest.xml:13:17-129
142                android:value="com.google.firebase.components.ComponentRegistrar" />
142-->[com.google.firebase:firebase-firestore-ktx:25.1.0] AndroidManifest.xml:14:17-82
143            <meta-data
143-->[com.google.firebase:firebase-auth-ktx:23.0.0] AndroidManifest.xml:11:13-13:85
144                android:name="com.google.firebase.components:com.google.firebase.auth.ktx.FirebaseAuthLegacyRegistrar"
144-->[com.google.firebase:firebase-auth-ktx:23.0.0] AndroidManifest.xml:12:17-119
145                android:value="com.google.firebase.components.ComponentRegistrar" />
145-->[com.google.firebase:firebase-auth-ktx:23.0.0] AndroidManifest.xml:13:17-82
146            <meta-data
146-->[com.google.firebase:firebase-storage:21.0.1] AndroidManifest.xml:30:13-32:85
147                android:name="com.google.firebase.components:com.google.firebase.storage.FirebaseStorageKtxRegistrar"
147-->[com.google.firebase:firebase-storage:21.0.1] AndroidManifest.xml:31:17-118
148                android:value="com.google.firebase.components.ComponentRegistrar" />
148-->[com.google.firebase:firebase-storage:21.0.1] AndroidManifest.xml:32:17-82
149            <meta-data
149-->[com.google.firebase:firebase-storage:21.0.1] AndroidManifest.xml:33:13-35:85
150                android:name="com.google.firebase.components:com.google.firebase.storage.StorageRegistrar"
150-->[com.google.firebase:firebase-storage:21.0.1] AndroidManifest.xml:34:17-107
151                android:value="com.google.firebase.components.ComponentRegistrar" />
151-->[com.google.firebase:firebase-storage:21.0.1] AndroidManifest.xml:35:17-82
152            <meta-data
152-->[com.google.android.gms:play-services-measurement-api:22.1.2] AndroidManifest.xml:37:13-39:85
153                android:name="com.google.firebase.components:com.google.firebase.analytics.connector.internal.AnalyticsConnectorRegistrar"
153-->[com.google.android.gms:play-services-measurement-api:22.1.2] AndroidManifest.xml:38:17-139
154                android:value="com.google.firebase.components.ComponentRegistrar" />
154-->[com.google.android.gms:play-services-measurement-api:22.1.2] AndroidManifest.xml:39:17-82
155            <meta-data
155-->[com.google.firebase:firebase-firestore:25.1.0] AndroidManifest.xml:17:13-19:85
156                android:name="com.google.firebase.components:com.google.firebase.firestore.FirebaseFirestoreKtxRegistrar"
156-->[com.google.firebase:firebase-firestore:25.1.0] AndroidManifest.xml:18:17-122
157                android:value="com.google.firebase.components.ComponentRegistrar" />
157-->[com.google.firebase:firebase-firestore:25.1.0] AndroidManifest.xml:19:17-82
158            <meta-data
158-->[com.google.firebase:firebase-firestore:25.1.0] AndroidManifest.xml:20:13-22:85
159                android:name="com.google.firebase.components:com.google.firebase.firestore.FirestoreRegistrar"
159-->[com.google.firebase:firebase-firestore:25.1.0] AndroidManifest.xml:21:17-111
160                android:value="com.google.firebase.components.ComponentRegistrar" />
160-->[com.google.firebase:firebase-firestore:25.1.0] AndroidManifest.xml:22:17-82
161            <meta-data
161-->[com.google.firebase:firebase-auth:23.0.0] AndroidManifest.xml:69:13-71:85
162                android:name="com.google.firebase.components:com.google.firebase.auth.FirebaseAuthRegistrar"
162-->[com.google.firebase:firebase-auth:23.0.0] AndroidManifest.xml:70:17-109
163                android:value="com.google.firebase.components.ComponentRegistrar" />
163-->[com.google.firebase:firebase-auth:23.0.0] AndroidManifest.xml:71:17-82
164            <meta-data
164-->[com.google.firebase:firebase-appcheck:18.0.0] AndroidManifest.xml:25:13-27:85
165                android:name="com.google.firebase.components:com.google.firebase.appcheck.FirebaseAppCheckKtxRegistrar"
165-->[com.google.firebase:firebase-appcheck:18.0.0] AndroidManifest.xml:26:17-120
166                android:value="com.google.firebase.components.ComponentRegistrar" />
166-->[com.google.firebase:firebase-appcheck:18.0.0] AndroidManifest.xml:27:17-82
167            <meta-data
167-->[com.google.firebase:firebase-appcheck:18.0.0] AndroidManifest.xml:28:13-30:85
168                android:name="com.google.firebase.components:com.google.firebase.appcheck.FirebaseAppCheckRegistrar"
168-->[com.google.firebase:firebase-appcheck:18.0.0] AndroidManifest.xml:29:17-117
169                android:value="com.google.firebase.components.ComponentRegistrar" />
169-->[com.google.firebase:firebase-appcheck:18.0.0] AndroidManifest.xml:30:17-82
170            <meta-data
170-->[com.google.firebase:firebase-installations:18.0.0] AndroidManifest.xml:15:13-17:85
171                android:name="com.google.firebase.components:com.google.firebase.installations.FirebaseInstallationsKtxRegistrar"
171-->[com.google.firebase:firebase-installations:18.0.0] AndroidManifest.xml:16:17-130
172                android:value="com.google.firebase.components.ComponentRegistrar" />
172-->[com.google.firebase:firebase-installations:18.0.0] AndroidManifest.xml:17:17-82
173            <meta-data
173-->[com.google.firebase:firebase-installations:18.0.0] AndroidManifest.xml:18:13-20:85
174                android:name="com.google.firebase.components:com.google.firebase.installations.FirebaseInstallationsRegistrar"
174-->[com.google.firebase:firebase-installations:18.0.0] AndroidManifest.xml:19:17-127
175                android:value="com.google.firebase.components.ComponentRegistrar" />
175-->[com.google.firebase:firebase-installations:18.0.0] AndroidManifest.xml:20:17-82
176            <meta-data
176-->[com.google.firebase:firebase-common-ktx:21.0.0] AndroidManifest.xml:12:13-14:85
177                android:name="com.google.firebase.components:com.google.firebase.ktx.FirebaseCommonLegacyRegistrar"
177-->[com.google.firebase:firebase-common-ktx:21.0.0] AndroidManifest.xml:13:17-116
178                android:value="com.google.firebase.components.ComponentRegistrar" />
178-->[com.google.firebase:firebase-common-ktx:21.0.0] AndroidManifest.xml:14:17-82
179            <meta-data
179-->[com.google.firebase:firebase-common:21.0.0] AndroidManifest.xml:35:13-37:85
180                android:name="com.google.firebase.components:com.google.firebase.FirebaseCommonKtxRegistrar"
180-->[com.google.firebase:firebase-common:21.0.0] AndroidManifest.xml:36:17-109
181                android:value="com.google.firebase.components.ComponentRegistrar" />
181-->[com.google.firebase:firebase-common:21.0.0] AndroidManifest.xml:37:17-82
182        </service>
183
184        <property
184-->[com.google.android.gms:play-services-measurement-api:22.1.2] AndroidManifest.xml:30:9-32:61
185            android:name="android.adservices.AD_SERVICES_CONFIG"
185-->[com.google.android.gms:play-services-measurement-api:22.1.2] AndroidManifest.xml:31:13-65
186            android:resource="@xml/ga_ad_services_config" />
186-->[com.google.android.gms:play-services-measurement-api:22.1.2] AndroidManifest.xml:32:13-58
187
188        <activity
188-->[com.google.firebase:firebase-auth:23.0.0] AndroidManifest.xml:29:9-46:20
189            android:name="com.google.firebase.auth.internal.GenericIdpActivity"
189-->[com.google.firebase:firebase-auth:23.0.0] AndroidManifest.xml:30:13-80
190            android:excludeFromRecents="true"
190-->[com.google.firebase:firebase-auth:23.0.0] AndroidManifest.xml:31:13-46
191            android:exported="true"
191-->[com.google.firebase:firebase-auth:23.0.0] AndroidManifest.xml:32:13-36
192            android:launchMode="singleTask"
192-->[com.google.firebase:firebase-auth:23.0.0] AndroidManifest.xml:33:13-44
193            android:theme="@android:style/Theme.Translucent.NoTitleBar" >
193-->[com.google.firebase:firebase-auth:23.0.0] AndroidManifest.xml:34:13-72
194            <intent-filter>
194-->[com.google.firebase:firebase-auth:23.0.0] AndroidManifest.xml:35:13-45:29
195                <action android:name="android.intent.action.VIEW" />
195-->[com.google.firebase:firebase-auth:23.0.0] AndroidManifest.xml:36:17-69
195-->[com.google.firebase:firebase-auth:23.0.0] AndroidManifest.xml:36:25-66
196
197                <category android:name="android.intent.category.DEFAULT" />
197-->[com.google.firebase:firebase-auth:23.0.0] AndroidManifest.xml:38:17-76
197-->[com.google.firebase:firebase-auth:23.0.0] AndroidManifest.xml:38:27-73
198                <category android:name="android.intent.category.BROWSABLE" />
198-->[com.google.firebase:firebase-auth:23.0.0] AndroidManifest.xml:39:17-78
198-->[com.google.firebase:firebase-auth:23.0.0] AndroidManifest.xml:39:27-75
199
200                <data
200-->[com.google.firebase:firebase-auth:23.0.0] AndroidManifest.xml:41:17-44:51
201                    android:host="firebase.auth"
201-->[com.google.firebase:firebase-auth:23.0.0] AndroidManifest.xml:42:21-49
202                    android:path="/"
202-->[com.google.firebase:firebase-auth:23.0.0] AndroidManifest.xml:43:21-37
203                    android:scheme="genericidp" />
203-->[com.google.firebase:firebase-auth:23.0.0] AndroidManifest.xml:44:21-48
204            </intent-filter>
205        </activity>
206        <activity
206-->[com.google.firebase:firebase-auth:23.0.0] AndroidManifest.xml:47:9-64:20
207            android:name="com.google.firebase.auth.internal.RecaptchaActivity"
207-->[com.google.firebase:firebase-auth:23.0.0] AndroidManifest.xml:48:13-79
208            android:excludeFromRecents="true"
208-->[com.google.firebase:firebase-auth:23.0.0] AndroidManifest.xml:49:13-46
209            android:exported="true"
209-->[com.google.firebase:firebase-auth:23.0.0] AndroidManifest.xml:50:13-36
210            android:launchMode="singleTask"
210-->[com.google.firebase:firebase-auth:23.0.0] AndroidManifest.xml:51:13-44
211            android:theme="@android:style/Theme.Translucent.NoTitleBar" >
211-->[com.google.firebase:firebase-auth:23.0.0] AndroidManifest.xml:52:13-72
212            <intent-filter>
212-->[com.google.firebase:firebase-auth:23.0.0] AndroidManifest.xml:53:13-63:29
213                <action android:name="android.intent.action.VIEW" />
213-->[com.google.firebase:firebase-auth:23.0.0] AndroidManifest.xml:36:17-69
213-->[com.google.firebase:firebase-auth:23.0.0] AndroidManifest.xml:36:25-66
214
215                <category android:name="android.intent.category.DEFAULT" />
215-->[com.google.firebase:firebase-auth:23.0.0] AndroidManifest.xml:38:17-76
215-->[com.google.firebase:firebase-auth:23.0.0] AndroidManifest.xml:38:27-73
216                <category android:name="android.intent.category.BROWSABLE" />
216-->[com.google.firebase:firebase-auth:23.0.0] AndroidManifest.xml:39:17-78
216-->[com.google.firebase:firebase-auth:23.0.0] AndroidManifest.xml:39:27-75
217
218                <data
218-->[com.google.firebase:firebase-auth:23.0.0] AndroidManifest.xml:41:17-44:51
219                    android:host="firebase.auth"
219-->[com.google.firebase:firebase-auth:23.0.0] AndroidManifest.xml:42:21-49
220                    android:path="/"
220-->[com.google.firebase:firebase-auth:23.0.0] AndroidManifest.xml:43:21-37
221                    android:scheme="recaptcha" />
221-->[com.google.firebase:firebase-auth:23.0.0] AndroidManifest.xml:44:21-48
222            </intent-filter>
223        </activity> <!-- Exported is set to false, so other applications can't bind to this service -->
224        <service
224-->[com.google.android.libraries.mapsplatform.transportation:transportation-consumer:2.3.0] AndroidManifest.xml:19:9-21:40
225            android:name="com.google.android.libraries.mapsplatform.transportation.consumer.ConsumerService"
225-->[com.google.android.libraries.mapsplatform.transportation:transportation-consumer:2.3.0] AndroidManifest.xml:20:13-109
226            android:exported="false" />
226-->[com.google.android.libraries.mapsplatform.transportation:transportation-consumer:2.3.0] AndroidManifest.xml:21:13-37
227        <service
227-->[androidx.room:room-runtime:2.5.2] AndroidManifest.xml:24:9-28:63
228            android:name="androidx.room.MultiInstanceInvalidationService"
228-->[androidx.room:room-runtime:2.5.2] AndroidManifest.xml:25:13-74
229            android:directBootAware="true"
229-->[androidx.room:room-runtime:2.5.2] AndroidManifest.xml:26:13-43
230            android:exported="false" />
230-->[androidx.room:room-runtime:2.5.2] AndroidManifest.xml:27:13-37
231        <service
231-->[androidx.credentials:credentials-play-services-auth:1.2.0-rc01] AndroidManifest.xml:24:9-32:19
232            android:name="androidx.credentials.playservices.CredentialProviderMetadataHolder"
232-->[androidx.credentials:credentials-play-services-auth:1.2.0-rc01] AndroidManifest.xml:25:13-94
233            android:enabled="true"
233-->[androidx.credentials:credentials-play-services-auth:1.2.0-rc01] AndroidManifest.xml:26:13-35
234            android:exported="false" >
234-->[androidx.credentials:credentials-play-services-auth:1.2.0-rc01] AndroidManifest.xml:27:13-37
235            <meta-data
235-->[androidx.credentials:credentials-play-services-auth:1.2.0-rc01] AndroidManifest.xml:29:13-31:104
236                android:name="androidx.credentials.CREDENTIAL_PROVIDER_KEY"
236-->[androidx.credentials:credentials-play-services-auth:1.2.0-rc01] AndroidManifest.xml:30:17-76
237                android:value="androidx.credentials.playservices.CredentialProviderPlayServicesImpl" />
237-->[androidx.credentials:credentials-play-services-auth:1.2.0-rc01] AndroidManifest.xml:31:17-101
238        </service>
239
240        <activity
240-->[androidx.credentials:credentials-play-services-auth:1.2.0-rc01] AndroidManifest.xml:34:9-41:20
241            android:name="androidx.credentials.playservices.HiddenActivity"
241-->[androidx.credentials:credentials-play-services-auth:1.2.0-rc01] AndroidManifest.xml:35:13-76
242            android:configChanges="orientation|screenSize|screenLayout|keyboardHidden"
242-->[androidx.credentials:credentials-play-services-auth:1.2.0-rc01] AndroidManifest.xml:36:13-87
243            android:enabled="true"
243-->[androidx.credentials:credentials-play-services-auth:1.2.0-rc01] AndroidManifest.xml:37:13-35
244            android:exported="false"
244-->[androidx.credentials:credentials-play-services-auth:1.2.0-rc01] AndroidManifest.xml:38:13-37
245            android:fitsSystemWindows="true"
245-->[androidx.credentials:credentials-play-services-auth:1.2.0-rc01] AndroidManifest.xml:39:13-45
246            android:theme="@style/Theme.Hidden" >
246-->[androidx.credentials:credentials-play-services-auth:1.2.0-rc01] AndroidManifest.xml:40:13-48
247        </activity>
248
249        <receiver
249-->[com.google.android.gms:play-services-measurement:22.1.2] AndroidManifest.xml:29:9-33:20
250            android:name="com.google.android.gms.measurement.AppMeasurementReceiver"
250-->[com.google.android.gms:play-services-measurement:22.1.2] AndroidManifest.xml:30:13-85
251            android:enabled="true"
251-->[com.google.android.gms:play-services-measurement:22.1.2] AndroidManifest.xml:31:13-35
252            android:exported="false" >
252-->[com.google.android.gms:play-services-measurement:22.1.2] AndroidManifest.xml:32:13-37
253        </receiver>
254
255        <service
255-->[com.google.android.gms:play-services-measurement:22.1.2] AndroidManifest.xml:35:9-38:40